--- SCALING.sh ---
[33mLoading spack modules ...[30m
[32mDone ![30m
[33mBuilding executable ...[30m
[32mDone ![35m
Configuration : 
           -->  NODE         : 32
           -->  TOTAL CPU    : 32
           -->  CPU PER NODE : 32
 
[31m--- Base code ---[30m
[33mBuilding executable ...[30m
[32mDone ![35m
 
[31m--- Optimized code ---[30m
[33mBuilding executable ...[30m
[32mDone ![35m
[31m--> Strong scaling MPI[32m
[35mRunning with 32 max nodes and 1 max threads per nodes
[33mNODE : 1 , THREAD_PER_NODE : 1[32m
Average tick : 1391658912
Average iteration time : 347.918367 (ms)
[33mNODE : 2 , THREAD_PER_NODE : 1[32m
Average tick : 732037534
Average iteration time : 183.011314 (ms)
[33mNODE : 4 , THREAD_PER_NODE : 1[32m
Average tick : 389114273
Average iteration time : 97.279601 (ms)
[33mNODE : 8 , THREAD_PER_NODE : 1[32m
Average tick : 319735331
Average iteration time : 79.934693 (ms)
[33mNODE : 16 , THREAD_PER_NODE : 1[32m
Average tick : 367721556
Average iteration time : 91.931378 (ms)
[33mNODE : 32 , THREAD_PER_NODE : 1[32m
Average tick : 445067783
Average iteration time : 111.268156 (ms)
[31m--> Strong scaling OMP[32m
[35mRunning with 1 max nodes and 32 max threads per nodes
[33mNODE : 1 , THREAD_PER_NODE : 1[32m
Average tick : 1455486180
Average iteration time : 363.875390 (ms)
[33mNODE : 1 , THREAD_PER_NODE : 2[32m
Average tick : 739873549
Average iteration time : 184.970354 (ms)
[33mNODE : 1 , THREAD_PER_NODE : 4[32m
Average tick : 393327151
Average iteration time : 98.332841 (ms)
[33mNODE : 1 , THREAD_PER_NODE : 8[32m
Average tick : 326934579
Average iteration time : 81.734522 (ms)
[33mNODE : 1 , THREAD_PER_NODE : 16[32m
Average tick : 376188447
Average iteration time : 94.048125 (ms)
[33mNODE : 1 , THREAD_PER_NODE : 32[32m
Average tick : 448325088
Average iteration time : 112.082493 (ms)
 
[31m--- Base code --[30m
[33mBuilding executable ...[30m
[32mDone ![35m
[31m--> Weak scaling MPI[32m
[35mRunning with 32 max nodes and 1 max threads per nodes
[33mNODE : 1, THREAD_PER_NODE : 1[32m, FILE : scaling/file/config_scaling_x_1.txt
[33mNODE : 2, THREAD_PER_NODE : 1[32m, FILE : scaling/file/config_scaling_x_2.txt
[33mNODE : 4, THREAD_PER_NODE : 1[32m, FILE : scaling/file/config_scaling_x_4.txt
