-DHORIZONTAL -DBARRIER -DNAIVEMPI
213EE - 136175
213EE - 136175
-DHORIZONTAL -DBARRIER -DFACTORIZEDMPI
213EE - 136175
-DHORIZONTAL -DNOBARRIER -DNAIVEMPI
213EE - 136175
213EE - 136175
-DHORIZONTAL -DNOBARRIER -DFACTORIZEDMPI
213EE - 136175
-DVERTICAL -DBARRIER -DNAIVEMPI
213EE - 136175
21480 - 136320
-DVERTICAL -DBARRIER -DFACTORIZEDMPI
213EE - 136175
213EE - 136175
-DVERTICAL -DNOBARRIER -DNAIVEMPI
213EE - 136175
21480 - 136320
-DVERTICAL -DNOBARRIER -DFACTORIZEDMPI
213EE - 136175
213EE - 136175
